2019-02-20 15:59:29

<<<<<<<2019-02-20 15:59:30

<<<<<<<2019-02-20 16:20:26

<<<<<<<2019-02-20 16:20:50
<xml><ToUserName><![CDATA[gh_eac685a1ff5c]]></ToUserName>
<FromUserName><![CDATA[oJoCw505tKb-F1dQ2wXxxpTbOej4]]></FromUserName>
<CreateTime>1550648586</CreateTime>
<MsgType><![CDATA[image]]></MsgType>
<PicUrl><![CDATA[http://mmbiz.qpic.cn/mmbiz_jpg/UJKvRich3BeQicTzzZIFI7bnIP6gClBXjWZxkYUmX3G1aCpNYqGlQTTlEVrZMotjPemviaXu8Syro5gxrzRGuXjug/0]]></PicUrl>
<MsgId>22199948687396065</MsgId>
<MediaId><![CDATA[H9wLNO7Ur9K16jF91Zm4oO-azORhW0r2D6wa4w8I2Lo8ph--dITulPeZLmHOxYYs]]></MediaId>
</xml>

<<<<<<<2019-02-20 16:20:53
<xml><ToUserName><![CDATA[gh_eac685a1ff5c]]></ToUserName>
<FromUserName><![CDATA[oJoCw505tKb-F1dQ2wXxxpTbOej4]]></FromUserName>
<CreateTime>1550648586</CreateTime>
<MsgType><![CDATA[image]]></MsgType>
<PicUrl><![CDATA[http://mmbiz.qpic.cn/mmbiz_jpg/UJKvRich3BeQicTzzZIFI7bnIP6gClBXjWZxkYUmX3G1aCpNYqGlQTTlEVrZMotjPemviaXu8Syro5gxrzRGuXjug/0]]></PicUrl>
<MsgId>22199948687396065</MsgId>
<MediaId><![CDATA[H9wLNO7Ur9K16jF91Zm4oO-azORhW0r2D6wa4w8I2Lo8ph--dITulPeZLmHOxYYs]]></MediaId>
</xml>

<<<<<<<2019-02-20 16:22:03
<xml><ToUserName><![CDATA[gh_eac685a1ff5c]]></ToUserName>
<FromUserName><![CDATA[oJoCw505tKb-F1dQ2wXxxpTbOej4]]></FromUserName>
<CreateTime>1550648586</CreateTime>
<MsgType><![CDATA[image]]></MsgType>
<PicUrl><![CDATA[http://mmbiz.qpic.cn/mmbiz_jpg/UJKvRich3BeQicTzzZIFI7bnIP6gClBXjWZxkYUmX3G1aCpNYqGlQTTlEVrZMotjPemviaXu8Syro5gxrzRGuXjug/0]]></PicUrl>
<MsgId>22199948687396065</MsgId>
<MediaId><![CDATA[H9wLNO7Ur9K16jF91Zm4oO-azORhW0r2D6wa4w8I2Lo8ph--dITulPeZLmHOxYYs]]></MediaId>
</xml>

<<<<<<<